2025-03-16 19:20:01,355 [ERROR] [profile.py:323 in clone] - profile with name 'geckordp' already exists
2025-03-16 19:20:16,788 [DEBUG] [utils.py:68 in wait_process_loaded] - expired=True
2025-03-16 19:20:46,940 [DEBUG] [rdp_client.py:345 in connect] - 
2025-03-16 19:20:46,981 [DEBUG] [rdp_client.py:366 in __connect] - Queue read task
2025-03-16 19:20:46,983 [DEBUG] [rdp_client.py:370 in __connect] - Run IO loop
2025-03-16 19:20:46,986 [DEBUG] [rdp_client.py:380 in __open_connection] - Try to open connection
2025-03-16 19:20:47,033 [DEBUG] [rdp_client.py:395 in __open_connection] - Start listening
2025-03-16 19:20:47,290 [DEBUG] [rdp_client.py:675 in __read] - message complete (226 == 226)
2025-03-16 19:20:47,293 [INFO] [rdp_client.py:869 in __print_response] - RESPONSE<-
{
  "from": "root",
  "applicationType": "browser",
  "testConnectionPrefix": "server1.conn0.",
  "traits": {
    "networkMonitor": true,
    "resources": {
      "extensions-backgroundscript-status": true
    },
    "workerConsoleApiMessagesDispatchedToMainThread": true
  }
}
2025-03-16 19:20:47,295 [DEBUG] [rdp_client.py:839 in __handle_single_request] - response valid, set result
2025-03-16 19:20:47,297 [DEBUG] [rdp_client.py:531 in __sync_send_receive] - 
2025-03-16 19:20:47,299 [INFO] [rdp_client.py:557 in __send] - REQUEST->
{
  "to": "root",
  "type": "getRoot"
}
2025-03-16 19:20:47,361 [DEBUG] [rdp_client.py:675 in __read] - message complete (374 == 374)
2025-03-16 19:20:47,375 [INFO] [rdp_client.py:869 in __print_response] - RESPONSE<-
{
  "preferenceActor": "server1.conn0.preferenceActor1",
  "addonsActor": "server1.conn0.addonsActor2",
  "deviceActor": "server1.conn0.deviceActor3",
  "heapSnapshotFileActor": "server1.conn0.heapSnapshotFileActor4",
  "perfActor": "server1.conn0.perfActor5",
  "parentAccessibilityActor": "server1.conn0.parentAccessibilityActor6",
  "screenshotActor": "server1.conn0.screenshotActor7",
  "from": "root"
}
2025-03-16 19:20:47,383 [DEBUG] [rdp_client.py:839 in __handle_single_request] - response valid, set result
2025-03-16 19:20:47,413 [DEBUG] [rdp_client.py:531 in __sync_send_receive] - 
2025-03-16 19:20:47,421 [INFO] [rdp_client.py:557 in __send] - REQUEST->
{
  "to": "root",
  "type": "listProcesses"
}
2025-03-16 19:20:47,509 [DEBUG] [rdp_client.py:675 in __read] - message complete (829 == 829)
2025-03-16 19:20:47,520 [INFO] [rdp_client.py:869 in __print_response] - RESPONSE<-
{
  "processes": [
    {
      "actor": "server1.conn0.processDescriptor8",
      "id": 0,
      "isParent": true,
      "isWindowlessParent": false,
      "traits": {
        "watcher": true,
        "supportsReloadDescriptor": true
      }
    },
    {
      "actor": "server1.conn0.processDescriptor9",
      "id": 944720,
      "isParent": false,
      "isWindowlessParent": false,
      "traits": {
        "watcher": false,
        "supportsReloadDescriptor": false
      }
    },
    {
      "actor": "server1.conn0.processDescriptor10",
      "id": 944799,
      "isParent": false,
      "isWindowlessParent": false,
      "traits": {
        "watcher": false,
        "supportsReloadDescriptor": false
      }
    },
    {
      "actor": "server1.conn0.processDescriptor11",
      "id": 944805,
      "isParent": false,
      "isWindowlessParent": false,
      "traits": {
        "watcher": false,
        "supportsReloadDescriptor": false
      }
    },
    {
      "actor": "server1.conn0.processDescriptor12",
      "id": 944808,
      "isParent": false,
      "isWindowlessParent": false,
      "traits": {
        "watcher": false,
        "supportsReloadDescriptor": false
      }
    }
  ],
  "from": "root"
}
2025-03-16 19:20:47,529 [DEBUG] [rdp_client.py:839 in __handle_single_request] - response valid, set result
2025-03-16 19:20:47,567 [DEBUG] [rdp_client.py:531 in __sync_send_receive] - 
2025-03-16 19:20:47,664 [INFO] [rdp_client.py:557 in __send] - REQUEST->
{
  "to": "server1.conn0.processDescriptor8",
  "type": "getTarget"
}
2025-03-16 19:20:48,906 [DEBUG] [rdp_client.py:675 in __read] - message complete (1458 == 1458)
2025-03-16 19:20:48,947 [INFO] [rdp_client.py:869 in __print_response] - RESPONSE<-
{
  "process": {
    "actor": "server1.conn0.parentProcessTarget14",
    "browsingContextID": 1,
    "processID": 944490,
    "innerWindowId": 2,
    "topInnerWindowId": 2,
    "isTopLevelTarget": true,
    "isPopup": false,
    "isPrivate": false,
    "isFallbackExtensionDocument": false,
    "traits": {
      "isBrowsingContext": true,
      "supportsTopLevelTargetFlag": true,
      "frames": true,
      "logInPage": true,
      "watchpoints": true,
      "navigation": true
    },
    "title": "elnueveok - Alternate Player for Twitch.tv \u2014 Mozilla Firefox",
    "url": "chrome://browser/content/browser.xhtml",
    "outerWindowID": 1,
    "consoleActor": "server1.conn0.consoleActor15",
    "inspectorActor": "server1.conn0.inspectorActor16",
    "styleSheetsActor": "server1.conn0.styleSheetsActor17",
    "memoryActor": "server1.conn0.memoryActor18",
    "reflowActor": "server1.conn0.reflowActor19",
    "cssPropertiesActor": "server1.conn0.cssPropertiesActor20",
    "animationsActor": "server1.conn0.animationsActor21",
    "responsiveActor": "server1.conn0.responsiveActor22",
    "webExtensionInspectedWindowActor": "server1.conn0.webExtensionInspectedWindowActor23",
    "accessibilityActor": "server1.conn0.accessibilityActor24",
    "changesActor": "server1.conn0.changesActor25",
    "manifestActor": "server1.conn0.manifestActor26",
    "networkContentActor": "server1.conn0.networkContentActor27",
    "screenshotContentActor": "server1.conn0.screenshotContentActor28",
    "tracerActor": "server1.conn0.tracerActor29",
    "objectsManagerActor": "server1.conn0.objectsManagerActor30",
    "threadActor": "server1.conn0.thread13"
  },
  "from": "server1.conn0.processDescriptor8"
}
2025-03-16 19:20:48,976 [DEBUG] [rdp_client.py:839 in __handle_single_request] - response valid, set result
2025-03-16 19:20:48,978 [DEBUG] [rdp_client.py:675 in __read] - message complete (384 == 384)
2025-03-16 19:20:48,984 [INFO] [rdp_client.py:869 in __print_response] - RESPONSE<-
{
  "type": "frameUpdate",
  "frames": [
    {
      "id": 1,
      "isTopLevel": true,
      "url": "chrome://browser/content/browser.xhtml",
      "title": "elnueveok - Alternate Player for Twitch.tv \u2014 Mozilla Firefox"
    },
    {
      "id": 3,
      "parentID": 1,
      "isTopLevel": false,
      "url": "about:blank",
      "title": ""
    },
    {
      "id": 7,
      "isTopLevel": false,
      "url": "chrome://extensions/content/dummy.xhtml",
      "title": ""
    }
  ],
  "from": "server1.conn0.parentProcessTarget14"
}
2025-03-16 19:20:48,985 [DEBUG] [rdp_client.py:799 in __handle_events] - unhandled event received
2025-03-16 19:20:48,988 [DEBUG] [rdp_client.py:675 in __read] - message complete (384 == 384)
2025-03-16 19:20:48,990 [DEBUG] [rdp_client.py:531 in __sync_send_receive] - 
2025-03-16 19:20:48,995 [INFO] [rdp_client.py:869 in __print_response] - RESPONSE<-
{
  "type": "frameUpdate",
  "frames": [
    {
      "id": 1,
      "isTopLevel": true,
      "url": "chrome://browser/content/browser.xhtml",
      "title": "elnueveok - Alternate Player for Twitch.tv \u2014 Mozilla Firefox"
    },
    {
      "id": 3,
      "parentID": 1,
      "isTopLevel": false,
      "url": "about:blank",
      "title": ""
    },
    {
      "id": 7,
      "isTopLevel": false,
      "url": "chrome://extensions/content/dummy.xhtml",
      "title": ""
    }
  ],
  "from": "server1.conn0.parentProcessTarget14"
}
2025-03-16 19:20:49,019 [DEBUG] [rdp_client.py:799 in __handle_events] - unhandled event received
2025-03-16 19:20:49,022 [INFO] [rdp_client.py:557 in __send] - REQUEST->
{
  "to": "server1.conn0.processDescriptor9",
  "type": "getTarget"
}
2025-03-16 19:20:49,791 [DEBUG] [rdp_client.py:675 in __read] - message complete (483 == 483)
2025-03-16 19:20:49,799 [INFO] [rdp_client.py:869 in __print_response] - RESPONSE<-
{
  "process": {
    "actor": "server1.conn0.content-process31/contentProcessTarget1",
    "isXpcShellTarget": false,
    "processID": 944720,
    "remoteType": "extension",
    "consoleActor": "server1.conn0.content-process31/console2",
    "memoryActor": "server1.conn0.content-process31/memory4",
    "threadActor": "server1.conn0.content-process31/thread3",
    "tracerActor": "server1.conn0.content-process31/tracer5",
    "traits": {
      "networkMonitor": false,
      "supportsTopLevelTargetFlag": false
    }
  },
  "from": "server1.conn0.processDescriptor9"
}
2025-03-16 19:20:49,809 [DEBUG] [rdp_client.py:839 in __handle_single_request] - response valid, set result
2025-03-16 19:20:49,823 [DEBUG] [rdp_client.py:531 in __sync_send_receive] - 
2025-03-16 19:20:49,832 [INFO] [rdp_client.py:557 in __send] - REQUEST->
{
  "to": "server1.conn0.processDescriptor10",
  "type": "getTarget"
}
2025-03-16 19:20:50,844 [DEBUG] [rdp_client.py:675 in __read] - message complete (483 == 483)
2025-03-16 19:20:50,846 [INFO] [rdp_client.py:869 in __print_response] - RESPONSE<-
{
  "process": {
    "actor": "server1.conn0.content-process32/contentProcessTarget1",
    "isXpcShellTarget": false,
    "processID": 944799,
    "remoteType": "prealloc",
    "consoleActor": "server1.conn0.content-process32/console2",
    "memoryActor": "server1.conn0.content-process32/memory4",
    "threadActor": "server1.conn0.content-process32/thread3",
    "tracerActor": "server1.conn0.content-process32/tracer5",
    "traits": {
      "networkMonitor": false,
      "supportsTopLevelTargetFlag": false
    }
  },
  "from": "server1.conn0.processDescriptor10"
}
2025-03-16 19:20:50,858 [DEBUG] [rdp_client.py:839 in __handle_single_request] - response valid, set result
2025-03-16 19:20:50,867 [DEBUG] [rdp_client.py:531 in __sync_send_receive] - 
2025-03-16 19:20:50,869 [INFO] [rdp_client.py:557 in __send] - REQUEST->
{
  "to": "server1.conn0.processDescriptor11",
  "type": "getTarget"
}
2025-03-16 19:20:52,409 [DEBUG] [rdp_client.py:675 in __read] - message complete (483 == 483)
2025-03-16 19:20:52,418 [INFO] [rdp_client.py:869 in __print_response] - RESPONSE<-
{
  "process": {
    "actor": "server1.conn0.content-process33/contentProcessTarget1",
    "isXpcShellTarget": false,
    "processID": 944805,
    "remoteType": "prealloc",
    "consoleActor": "server1.conn0.content-process33/console2",
    "memoryActor": "server1.conn0.content-process33/memory4",
    "threadActor": "server1.conn0.content-process33/thread3",
    "tracerActor": "server1.conn0.content-process33/tracer5",
    "traits": {
      "networkMonitor": false,
      "supportsTopLevelTargetFlag": false
    }
  },
  "from": "server1.conn0.processDescriptor11"
}
2025-03-16 19:20:52,451 [DEBUG] [rdp_client.py:839 in __handle_single_request] - response valid, set result
2025-03-16 19:20:52,461 [DEBUG] [rdp_client.py:531 in __sync_send_receive] - 
2025-03-16 19:20:52,467 [INFO] [rdp_client.py:557 in __send] - REQUEST->
{
  "to": "server1.conn0.processDescriptor12",
  "type": "getTarget"
}
2025-03-16 19:20:53,797 [DEBUG] [rdp_client.py:675 in __read] - message complete (483 == 483)
2025-03-16 19:20:53,800 [INFO] [rdp_client.py:869 in __print_response] - RESPONSE<-
{
  "process": {
    "actor": "server1.conn0.content-process34/contentProcessTarget1",
    "isXpcShellTarget": false,
    "processID": 944808,
    "remoteType": "prealloc",
    "consoleActor": "server1.conn0.content-process34/console2",
    "memoryActor": "server1.conn0.content-process34/memory4",
    "threadActor": "server1.conn0.content-process34/thread3",
    "tracerActor": "server1.conn0.content-process34/tracer5",
    "traits": {
      "networkMonitor": false,
      "supportsTopLevelTargetFlag": false
    }
  },
  "from": "server1.conn0.processDescriptor12"
}
2025-03-16 19:20:53,804 [DEBUG] [rdp_client.py:839 in __handle_single_request] - response valid, set result
2025-03-16 19:20:53,813 [DEBUG] [rdp_client.py:531 in __sync_send_receive] - 
2025-03-16 19:20:53,823 [INFO] [rdp_client.py:557 in __send] - REQUEST->
{
  "to": "root",
  "type": "listTabs"
}
2025-03-16 19:20:53,867 [DEBUG] [rdp_client.py:675 in __read] - message complete (360 == 360)
2025-03-16 19:20:53,870 [INFO] [rdp_client.py:869 in __print_response] - RESPONSE<-
{
  "tabs": [
    {
      "actor": "server1.conn0.tabDescriptor35",
      "browserId": 2,
      "browsingContextID": 11,
      "isZombieTab": false,
      "outerWindowID": 23,
      "selected": true,
      "title": "elnueveok - Alternate Player for Twitch.tv",
      "traits": {
        "watcher": true,
        "supportsReloadDescriptor": true
      },
      "url": "moz-extension://b06a910a-a14a-4f77-a09c-7a2a8c77e414/player.html?channel=elnueveok"
    }
  ],
  "from": "root"
}
2025-03-16 19:20:53,871 [DEBUG] [rdp_client.py:839 in __handle_single_request] - response valid, set result
2025-03-16 19:20:53,888 [DEBUG] [rdp_client.py:531 in __sync_send_receive] - 
2025-03-16 19:20:53,902 [INFO] [rdp_client.py:557 in __send] - REQUEST->
{
  "to": "server1.conn0.tabDescriptor35",
  "type": "getTarget"
}
2025-03-16 19:20:54,472 [DEBUG] [rdp_client.py:675 in __read] - message complete (1631 == 1631)
2025-03-16 19:20:54,512 [INFO] [rdp_client.py:869 in __print_response] - RESPONSE<-
{
  "frame": {
    "actor": "server1.conn0.child36/windowGlobalTarget2",
    "browsingContextID": 11,
    "processID": 944720,
    "innerWindowId": 8589934599,
    "topInnerWindowId": 8589934599,
    "isTopLevelTarget": true,
    "isPopup": false,
    "isPrivate": false,
    "isFallbackExtensionDocument": false,
    "traits": {
      "isBrowsingContext": true,
      "supportsTopLevelTargetFlag": true,
      "frames": true,
      "logInPage": true,
      "watchpoints": true,
      "navigation": true
    },
    "title": "elnueveok - Alternate Player for Twitch.tv",
    "url": "moz-extension://b06a910a-a14a-4f77-a09c-7a2a8c77e414/player.html?channel=elnueveok",
    "outerWindowID": 23,
    "consoleActor": "server1.conn0.child36/consoleActor3",
    "inspectorActor": "server1.conn0.child36/inspectorActor4",
    "styleSheetsActor": "server1.conn0.child36/styleSheetsActor5",
    "memoryActor": "server1.conn0.child36/memoryActor6",
    "reflowActor": "server1.conn0.child36/reflowActor7",
    "cssPropertiesActor": "server1.conn0.child36/cssPropertiesActor8",
    "animationsActor": "server1.conn0.child36/animationsActor9",
    "responsiveActor": "server1.conn0.child36/responsiveActor10",
    "webExtensionInspectedWindowActor": "server1.conn0.child36/webExtensionInspectedWindowActor11",
    "accessibilityActor": "server1.conn0.child36/accessibilityActor12",
    "changesActor": "server1.conn0.child36/changesActor13",
    "manifestActor": "server1.conn0.child36/manifestActor14",
    "networkContentActor": "server1.conn0.child36/networkContentActor15",
    "screenshotContentActor": "server1.conn0.child36/screenshotContentActor16",
    "tracerActor": "server1.conn0.child36/tracerActor17",
    "objectsManagerActor": "server1.conn0.child36/objectsManagerActor18",
    "threadActor": "server1.conn0.child36/thread1"
  },
  "from": "server1.conn0.tabDescriptor35"
}
2025-03-16 19:20:54,573 [DEBUG] [rdp_client.py:839 in __handle_single_request] - response valid, set result
2025-03-16 19:20:54,575 [DEBUG] [rdp_client.py:531 in __sync_send_receive] - 
2025-03-16 19:20:54,578 [DEBUG] [rdp_client.py:675 in __read] - message complete (256 == 256)
2025-03-16 19:20:54,579 [INFO] [rdp_client.py:869 in __print_response] - RESPONSE<-
{
  "type": "frameUpdate",
  "frames": [
    {
      "id": 23,
      "isTopLevel": true,
      "url": "moz-extension://b06a910a-a14a-4f77-a09c-7a2a8c77e414/player.html?channel=elnueveok",
      "title": "elnueveok - Alternate Player for Twitch.tv"
    }
  ],
  "from": "server1.conn0.child36/windowGlobalTarget2"
}
2025-03-16 19:20:54,580 [DEBUG] [rdp_client.py:799 in __handle_events] - unhandled event received
2025-03-16 19:20:54,581 [DEBUG] [rdp_client.py:675 in __read] - message complete (256 == 256)
2025-03-16 19:20:54,582 [INFO] [rdp_client.py:869 in __print_response] - RESPONSE<-
{
  "type": "frameUpdate",
  "frames": [
    {
      "id": 23,
      "isTopLevel": true,
      "url": "moz-extension://b06a910a-a14a-4f77-a09c-7a2a8c77e414/player.html?channel=elnueveok",
      "title": "elnueveok - Alternate Player for Twitch.tv"
    }
  ],
  "from": "server1.conn0.child36/windowGlobalTarget2"
}
2025-03-16 19:20:54,583 [DEBUG] [rdp_client.py:799 in __handle_events] - unhandled event received
2025-03-16 19:20:54,585 [INFO] [rdp_client.py:557 in __send] - REQUEST->
{
  "to": "server1.conn0.parentAccessibilityActor6",
  "type": "bootstrap"
}
2025-03-16 19:20:54,709 [DEBUG] [rdp_client.py:675 in __read] - message complete (101 == 101)
2025-03-16 19:20:54,710 [INFO] [rdp_client.py:869 in __print_response] - RESPONSE<-
{
  "state": {
    "canBeDisabled": true,
    "canBeEnabled": true
  },
  "from": "server1.conn0.parentAccessibilityActor6"
}
2025-03-16 19:20:54,717 [DEBUG] [rdp_client.py:839 in __handle_single_request] - response valid, set result
2025-03-16 19:20:54,719 [DEBUG] [rdp_client.py:531 in __sync_send_receive] - 
2025-03-16 19:20:54,736 [INFO] [rdp_client.py:557 in __send] - REQUEST->
{
  "to": "server1.conn0.parentAccessibilityActor6",
  "type": "enable"
}
2025-03-16 19:20:54,815 [DEBUG] [rdp_client.py:675 in __read] - message complete (100 == 100)
2025-03-16 19:20:54,832 [INFO] [rdp_client.py:869 in __print_response] - RESPONSE<-
{
  "type": "canBeDisabledChange",
  "canBeDisabled": true,
  "from": "server1.conn0.parentAccessibilityActor6"
}
2025-03-16 19:20:54,841 [DEBUG] [rdp_client.py:799 in __handle_events] - unhandled event received
2025-03-16 19:20:54,865 [DEBUG] [rdp_client.py:675 in __read] - message complete (50 == 50)
2025-03-16 19:20:54,874 [INFO] [rdp_client.py:869 in __print_response] - RESPONSE<-
{
  "from": "server1.conn0.parentAccessibilityActor6"
}
2025-03-16 19:20:54,900 [DEBUG] [rdp_client.py:839 in __handle_single_request] - response valid, set result
2025-03-16 19:20:54,914 [DEBUG] [rdp_client.py:531 in __sync_send_receive] - 
2025-03-16 19:20:54,944 [INFO] [rdp_client.py:557 in __send] - REQUEST->
{
  "to": "server1.conn0.child36/consoleActor3",
  "type": "startListeners",
  "listeners": []
}
2025-03-16 19:20:55,342 [DEBUG] [rdp_client.py:675 in __read] - message complete (68 == 68)
2025-03-16 19:20:55,362 [INFO] [rdp_client.py:869 in __print_response] - RESPONSE<-
{
  "startedListeners": [],
  "from": "server1.conn0.child36/consoleActor3"
}
2025-03-16 19:20:55,363 [DEBUG] [rdp_client.py:839 in __handle_single_request] - response valid, set result
2025-03-16 19:20:55,380 [DEBUG] [rdp_client.py:531 in __sync_send_receive] - 
2025-03-16 19:20:55,396 [INFO] [rdp_client.py:557 in __send] - REQUEST->
{
  "to": "server1.conn0.child36/thread1",
  "type": "attach",
  "options": {
    "pauseOnExceptions": false,
    "ignoreCaughtExceptions": true,
    "shouldShowOverlay": false,
    "shouldIncludeSavedFrames": true,
    "shouldIncludeAsyncLiveFrames": false,
    "skipBreakpoints": false,
    "logEventBreakpoints": false,
    "observeAsmJS": true,
    "breakpoints": {},
    "eventBreakpoints": []
  }
}
2025-03-16 19:20:55,788 [DEBUG] [rdp_client.py:675 in __read] - message complete (40 == 40)
2025-03-16 19:20:55,791 [INFO] [rdp_client.py:869 in __print_response] - RESPONSE<-
{
  "from": "server1.conn0.child36/thread1"
}
2025-03-16 19:20:55,793 [DEBUG] [rdp_client.py:839 in __handle_single_request] - response valid, set result
2025-03-16 19:20:55,796 [DEBUG] [rdp_client.py:531 in __sync_send_receive] - 
2025-03-16 19:20:55,802 [INFO] [rdp_client.py:557 in __send] - REQUEST->
{
  "to": "server1.conn0.tabDescriptor35",
  "type": "getWatcher",
  "isServerTargetSwitchingEnabled": true,
  "isPopupDebuggingEnabled": false
}
2025-03-16 19:20:55,975 [DEBUG] [rdp_client.py:675 in __read] - message complete (720 == 720)
2025-03-16 19:20:55,981 [INFO] [rdp_client.py:869 in __print_response] - RESPONSE<-
{
  "actor": "server1.conn0.watcher38",
  "traits": {
    "frame": true,
    "process": true,
    "worker": true,
    "service_worker": true,
    "shared_worker": false,
    "content_script": true,
    "resources": {
      "console-message": true,
      "css-change": true,
      "css-message": true,
      "css-registered-properties": true,
      "document-event": true,
      "Cache": true,
      "cookies": true,
      "error-message": true,
      "extension-storage": true,
      "indexed-db": true,
      "local-storage": true,
      "session-storage": true,
      "platform-message": true,
      "network-event": true,
      "network-event-stacktrace": true,
      "reflow": true,
      "stylesheet": true,
      "source": true,
      "thread-state": true,
      "server-sent-event": true,
      "websocket": true,
      "jstracer-trace": true,
      "jstracer-state": true,
      "last-private-context-exit": true
    }
  },
  "from": "server1.conn0.tabDescriptor35"
}
2025-03-16 19:20:55,982 [DEBUG] [rdp_client.py:839 in __handle_single_request] - response valid, set result
2025-03-16 19:20:55,985 [DEBUG] [rdp_client.py:531 in __sync_send_receive] - 
2025-03-16 19:20:55,988 [INFO] [rdp_client.py:557 in __send] - REQUEST->
{
  "to": "server1.conn0.watcher38",
  "type": "watchResources",
  "resourceTypes": [
    "network-event",
    "network-event-stacktrace",
    "document-event"
  ]
}
2025-03-16 19:20:56,626 [DEBUG] [rdp_client.py:675 in __read] - message complete (34 == 34)
2025-03-16 19:20:56,638 [INFO] [rdp_client.py:869 in __print_response] - RESPONSE<-
{
  "from": "server1.conn0.watcher38"
}
2025-03-16 19:20:56,643 [DEBUG] [rdp_client.py:839 in __handle_single_request] - response valid, set result
2025-03-16 19:20:56,657 [DEBUG] [rdp_client.py:531 in __sync_send_receive] - 
2025-03-16 19:20:56,661 [INFO] [rdp_client.py:557 in __send] - REQUEST->
{
  "to": "server1.conn0.watcher38",
  "type": "getTargetConfigurationActor"
}
2025-03-16 19:20:56,801 [DEBUG] [rdp_client.py:675 in __read] - message complete (639 == 639)
2025-03-16 19:20:56,827 [INFO] [rdp_client.py:869 in __print_response] - RESPONSE<-
{
  "configuration": {
    "actor": "server1.conn0.target-configuration39",
    "configuration": {},
    "traits": {
      "supportedOptions": {
        "cacheDisabled": true,
        "colorSchemeSimulation": true,
        "customFormatters": true,
        "customUserAgent": true,
        "isTracerFeatureEnabled": true,
        "javascriptEnabled": true,
        "overrideDPPX": true,
        "printSimulationEnabled": true,
        "rdmPaneMaxTouchPoints": true,
        "rdmPaneOrientation": true,
        "recordAllocations": true,
        "reloadOnTouchSimulationToggle": true,
        "restoreFocus": true,
        "serviceWorkersTestingEnabled": true,
        "setTabOffline": true,
        "touchEventsOverride": true,
        "tracerOptions": true,
        "useSimpleHighlightersForReducedMotion": true
      }
    }
  },
  "from": "server1.conn0.watcher38"
}
2025-03-16 19:20:56,865 [DEBUG] [rdp_client.py:839 in __handle_single_request] - response valid, set result
2025-03-16 19:20:56,907 [DEBUG] [rdp_client.py:531 in __sync_send_receive] - 
2025-03-16 19:20:56,945 [INFO] [rdp_client.py:557 in __send] - REQUEST->
{
  "to": "server1.conn0.watcher38",
  "type": "getThreadConfigurationActor"
}
2025-03-16 19:20:57,244 [DEBUG] [rdp_client.py:675 in __read] - message complete (1774 == 1774)
2025-03-16 19:20:57,275 [INFO] [rdp_client.py:869 in __print_response] - RESPONSE<-
{
  "type": "resources-available-array",
  "array": [
    [
      "network-event",
      [
        {
          "actor": "server1.conn0.netEvent41",
          "resourceId": 8589934640,
          "resourceType": "network-event",
          "browsingContextID": 11,
          "cause": {
            "loadingDocumentUri": "moz-extension://b06a910a-a14a-4f77-a09c-7a2a8c77e414/player.html?channel=elnueveok",
            "type": "xhr"
          },
          "chromeContext": false,
          "innerWindowId": 8589934599,
          "isNavigationRequest": false,
          "isThirdPartyTrackingResource": false,
          "isXHR": true,
          "method": "GET",
          "priority": 0,
          "private": false,
          "referrerPolicy": "strict-origin-when-cross-origin",
          "stacktraceResourceId": 8589934640,
          "startedDateTime": "2025-03-16T22:20:57.133Z",
          "securityFlags": 144,
          "timeStamp": 1742163657133,
          "timings": {},
          "url": "https://sae12.playlist.ttvnw.net/v1/playlist/CtYF65fRuHO6fUh-XWbc4Hq7zXqQlA1svHRq_TgEVIw76_eV33GsKXzRVY9BXM519T1d3RzQizlCVYUVgsavkcWff_r0AVHoNaXNWFXH275jQPd3_pyL1qKeGm4DfhGLsOlGIj1ygBOOOGM9J29dAvhRrRx2SMIKlJO_Agi7bmM4B27BABe7kuMXEFcZpq_pVhGqKjvpJrOrD2-iw2-HN3F02cB25fV0pty6kRoHsQEIm1TcYj3XrONWjhl05Kh_hS-wcqXW7CxizEhB654Xu6XFMRZwQNPVq2hlZaW5AW0aQF_muw9srm83nI9b-kbpvZScpY_N-4sIpzFL476HXYkKuMWIIpcf3lGLBcX1P28RbFHy9JJp-TaHeBV2SPVOJzcNH3ge1-0iYK4NAvYsHbGW-YDGOXTMaTEfbmmRHg60ou8zQzvUKEygxm2eLp0lNqIS6XR4OOPmfj2CDQItucy1_H-JKoGwn2SPNUdFch1nN2HE1Mqm_xCBQTcm32pjZ--qvYXmfGBZkWPXPAOEQzo0e6ZC5PI77OEO-o7NA1q-0ZfXB-TwGxk5s_EvomTUDjv4slLu2ihM-U3pSpWMIr2hzdGzrEycHOrkqNGngLuoYdh78afqFxjbx7TPOOHfiJbMTiixvxsjlQxgevSCyvtpm6huanzC9tDjLwDUVwWdwI6oeT59uxBA0-k6TTRWERvmRrr0EXNCOl5E1z0AcTRuIQZUasIfajClwqg4AL7N3UMCjahU35E0k4WuAOmxk-x9UnA5y7FEF2F8b_LQb6fyrV1YJZh7TS4wYcOG3Zwol7yf5rFSBLS6eJJnKdCZLXseLLaGaIDohqhCgoJnrome6HJMf4a3RFEdIV2AuP19U9avk4iTOeaFA7PuUPVmdghIlJsxdlTFEx_4WV5lCy4zjWNMdiy6phG97TmMyCaOImb_qdvUc1ydCyPc3tLcAMhMv9D0WLKXGgxj6AA6OQsOCCzzYJcgASoJdXMtZWFzdC0yMOcL.m3u8"
        }
      ]
    ]
  ],
  "from": "server1.conn0.watcher38"
}
2025-03-16 19:20:57,284 [DEBUG] [rdp_client.py:799 in __handle_events] - unhandled event received
2025-03-16 19:20:57,304 [DEBUG] [rdp_client.py:675 in __read] - message complete (99 == 99)
2025-03-16 19:20:57,311 [INFO] [rdp_client.py:869 in __print_response] - RESPONSE<-
{
  "configuration": {
    "actor": "server1.conn0.thread-configuration42"
  },
  "from": "server1.conn0.watcher38"
}
2025-03-16 19:20:57,315 [DEBUG] [rdp_client.py:839 in __handle_single_request] - response valid, set result
2025-03-16 19:20:57,329 [DEBUG] [rdp_client.py:531 in __sync_send_receive] - 
2025-03-16 19:20:57,364 [INFO] [rdp_client.py:557 in __send] - REQUEST->
{
  "to": "server1.conn0.watcher38",
  "type": "watchTargets",
  "targetType": "frame"
}
2025-03-16 19:20:58,984 [DEBUG] [rdp_client.py:675 in __read] - message complete (769 == 769)
2025-03-16 19:20:58,997 [INFO] [rdp_client.py:869 in __print_response] - RESPONSE<-
{
  "type": "resources-updated-array",
  "array": [
    [
      "network-event",
      [
        {
          "resourceId": 8589934640,
          "resourceUpdates": {
            "requestCookiesAvailable": true,
            "requestHeadersAvailable": true,
            "httpVersion": "HTTP/2",
            "status": "200",
            "statusText": "",
            "earlyHintsStatus": "",
            "remoteAddress": "54.207.173.175",
            "remotePort": 443,
            "mimeType": "application/vnd.apple.mpegurl",
            "waitingTime": 116,
            "isResolvedByTRR": false,
            "responseHeadersAvailable": true,
            "responseCookiesAvailable": true,
            "responseStartAvailable": true,
            "totalTime": 119,
            "eventTimingsAvailable": true,
            "securityState": "secure",
            "isRacing": false,
            "securityInfoAvailable": true,
            "contentSize": 14469,
            "transferredSize": 8724,
            "blockedReason": 0,
            "responseContentAvailable": true
          },
          "browsingContextID": 11,
          "innerWindowId": 8589934599
        }
      ]
    ]
  ],
  "from": "server1.conn0.watcher38"
}
2025-03-16 19:20:59,013 [DEBUG] [rdp_client.py:799 in __handle_events] - unhandled event received
2025-03-16 19:20:59,050 [DEBUG] [rdp_client.py:675 in __read] - message complete (1548 == 1548)
2025-03-16 19:20:59,065 [INFO] [rdp_client.py:869 in __print_response] - RESPONSE<-
{
  "type": "resources-available-array",
  "array": [
    [
      "network-event",
      [
        {
          "actor": "server1.conn0.netEvent44",
          "resourceId": 8589934641,
          "resourceType": "network-event",
          "browsingContextID": 11,
          "cause": {
            "loadingDocumentUri": "moz-extension://b06a910a-a14a-4f77-a09c-7a2a8c77e414/player.html?channel=elnueveok",
            "type": "xhr"
          },
          "chromeContext": false,
          "innerWindowId": 8589934599,
          "isNavigationRequest": false,
          "isThirdPartyTrackingResource": false,
          "isXHR": true,
          "method": "GET",
          "priority": 0,
          "private": false,
          "referrerPolicy": "strict-origin-when-cross-origin",
          "stacktraceResourceId": 8589934641,
          "startedDateTime": "2025-03-16T22:20:59.003Z",
          "securityFlags": 144,
          "timeStamp": 1742163659003,
          "timings": {},
          "url": "https://7bca29df4f20.j.cloudfront.hls.ttvnw.net/v1/segment/CpQDqb139N2euJihH5p0xEy-JMddNmoKoRZce9iPIhPyF0pW-5iJMIwPkq1rGQrjcrDsJ7UAK8vWQAZfRHozHSMCOoFgbKDHL5yYGTcz1zdPDpBbhgPOxTKJm8pqYR0D2_Uaqyplm8Pst14zndTxnbFOTyj2ezwhcSmNL_LiJJlYQoggcDY_VfO8hUM6g3P0JXK53_MXzkIAAy3Fh1NvJe2X08q10ZExXFTZpS0CNhWUL6it1wzNWCuBgmV2bd4EzPPoBoQJcmog0fP9XG4GKqeb3D79Iec8Y4nKxkC92jdK1N5DMoJ7z8zXG_zuKdqSga4PAdJ8Oxj9991486OmzTKk-xGydR5k3QCkfuJE-wxj8PXwvcW5hmJP6jotEYWKYHu7UwfIBTp-8yw7HyUnrC_bbstrIx-ybFz7egXGtT6665eNYdJSTCwV0Vr9o8M5KJ3bdqbEwwWBRJw6Dk8-r5BLgCpHccv6FoqtuGplck0dAtHL4Rk86PPENp6ONds9GDUZSWK-Q4V-GJ0QWEXWHZZpHxE-7hwaDJtkAeGATo7cGVoMByABKgl1cy1lYXN0LTIw5ws.ts?dna=Cmu3hNAlirjbrnq35t6e1ZtKKawoswF_uGQ7Wxp0rbc_ze2Qeju7lAeP6VRhQFKM2lO6SMI-EuXPMxflHBXOJe0gY7SHH_rrhtBHzzLLxO-4V4D_Si8WaXpXBFtAdnN8_U_XA5jrQQdRQ9xSORoMiQVMz6bptdv0Mqt8IAEqCXVzLWVhc3QtMjDnCw"
        }
      ]
    ]
  ],
  "from": "server1.conn0.watcher38"
}
2025-03-16 19:20:59,075 [DEBUG] [rdp_client.py:799 in __handle_events] - unhandled event received
2025-03-16 19:20:59,236 [DEBUG] [rdp_client.py:675 in __read] - message complete (1931 == 1931)
2025-03-16 19:20:59,271 [INFO] [rdp_client.py:869 in __print_response] - RESPONSE<-
{
  "type": "target-available-form",
  "target": {
    "actor": "server1.conn0.watcher37.process4//windowGlobalTarget2",
    "browsingContextID": 11,
    "processID": 944720,
    "followWindowGlobalLifeCycle": true,
    "innerWindowId": 8589934599,
    "topInnerWindowId": 8589934599,
    "isTopLevelTarget": true,
    "ignoreSubFrames": true,
    "isPopup": false,
    "isPrivate": false,
    "isFallbackExtensionDocument": false,
    "traits": {
      "isBrowsingContext": true,
      "supportsTopLevelTargetFlag": true,
      "frames": true,
      "logInPage": true,
      "watchpoints": true,
      "navigation": true
    },
    "title": "elnueveok - Alternate Player for Twitch.tv",
    "url": "moz-extension://b06a910a-a14a-4f77-a09c-7a2a8c77e414/player.html?channel=elnueveok",
    "outerWindowID": 23,
    "consoleActor": "server1.conn0.watcher37.process4//consoleActor3",
    "inspectorActor": "server1.conn0.watcher37.process4//inspectorActor4",
    "styleSheetsActor": "server1.conn0.watcher37.process4//styleSheetsActor5",
    "memoryActor": "server1.conn0.watcher37.process4//memoryActor6",
    "reflowActor": "server1.conn0.watcher37.process4//reflowActor7",
    "cssPropertiesActor": "server1.conn0.watcher37.process4//cssPropertiesActor8",
    "animationsActor": "server1.conn0.watcher37.process4//animationsActor9",
    "responsiveActor": "server1.conn0.watcher37.process4//responsiveActor10",
    "webExtensionInspectedWindowActor": "server1.conn0.watcher37.process4//webExtensionInspectedWindowActor11",
    "accessibilityActor": "server1.conn0.watcher37.process4//accessibilityActor12",
    "changesActor": "server1.conn0.watcher37.process4//changesActor13",
    "manifestActor": "server1.conn0.watcher37.process4//manifestActor14",
    "networkContentActor": "server1.conn0.watcher37.process4//networkContentActor15",
    "screenshotContentActor": "server1.conn0.watcher37.process4//screenshotContentActor16",
    "tracerActor": "server1.conn0.watcher37.process4//tracerActor17",
    "objectsManagerActor": "server1.conn0.watcher37.process4//objectsManagerActor18",
    "threadActor": "server1.conn0.watcher37.process4//thread1"
  },
  "from": "server1.conn0.watcher38"
}
2025-03-16 19:20:59,297 [DEBUG] [rdp_client.py:792 in __handle_events] - [server1.conn0.watcher38][target-available-form] handled
2025-03-16 19:20:59,336 [DEBUG] [rdp_client.py:675 in __read] - message complete (306 == 306)
2025-03-16 19:20:59,368 [INFO] [rdp_client.py:869 in __print_response] - RESPONSE<-
{
  "type": "resources-available-array",
  "array": [
    [
      "document-event",
      [
        {
          "name": "dom-loading",
          "time": 1742163627219,
          "url": "moz-extension://b06a910a-a14a-4f77-a09c-7a2a8c77e414/player.html?channel=elnueveok",
          "newURI": null,
          "hasNativeConsoleAPI": null
        }
      ]
    ]
  ],
  "from": "server1.conn0.watcher37.process4//windowGlobalTarget2"
}
2025-03-16 19:20:59,392 [DEBUG] [rdp_client.py:799 in __handle_events] - unhandled event received
2025-03-16 19:20:59,393 [DEBUG] [rdp_client.py:675 in __read] - message complete (449 == 449)
2025-03-16 19:20:59,464 [INFO] [rdp_client.py:869 in __print_response] - RESPONSE<-
{
  "type": "resources-available-array",
  "array": [
    [
      "document-event",
      [
        {
          "name": "dom-interactive",
          "time": 1742163628345,
          "title": "elnueveok - Alternate Player for Twitch.tv",
          "url": "moz-extension://b06a910a-a14a-4f77-a09c-7a2a8c77e414/player.html?channel=elnueveok",
          "newURI": null,
          "hasNativeConsoleAPI": null
        },
        {
          "name": "dom-complete",
          "time": 1742163628463,
          "newURI": null,
          "hasNativeConsoleAPI": true
        }
      ]
    ]
  ],
  "from": "server1.conn0.watcher37.process4//windowGlobalTarget2"
}
2025-03-16 19:20:59,483 [DEBUG] [rdp_client.py:799 in __handle_events] - unhandled event received
2025-03-16 19:20:59,544 [DEBUG] [rdp_client.py:675 in __read] - message complete (268 == 268)
2025-03-16 19:20:59,567 [INFO] [rdp_client.py:869 in __print_response] - RESPONSE<-
{
  "type": "frameUpdate",
  "frames": [
    {
      "id": 23,
      "isTopLevel": true,
      "url": "moz-extension://b06a910a-a14a-4f77-a09c-7a2a8c77e414/player.html?channel=elnueveok",
      "title": "elnueveok - Alternate Player for Twitch.tv"
    }
  ],
  "from": "server1.conn0.watcher37.process4//windowGlobalTarget2"
}
2025-03-16 19:20:59,568 [DEBUG] [rdp_client.py:799 in __handle_events] - unhandled event received
2025-03-16 19:20:59,584 [DEBUG] [rdp_client.py:675 in __read] - message complete (381 == 381)
2025-03-16 19:20:59,593 [INFO] [rdp_client.py:869 in __print_response] - RESPONSE<-
{
  "type": "resources-available-array",
  "array": [
    [
      "network-event-stacktrace",
      [
        {
          "resourceId": 8589934642,
          "stacktraceAvailable": true,
          "lastFrame": {
            "filename": "moz-extension://b06a910a-a14a-4f77-a09c-7a2a8c77e414/player.js",
            "lineNumber": 5116,
            "columnNumber": 12,
            "functionName": "\u041f\u043e\u0441\u043b\u0430\u0442\u044c\u0417\u0430\u043f\u0440\u043e\u0441",
            "asyncCause": null
          }
        }
      ]
    ]
  ],
  "from": "server1.conn0.watcher37.process4//windowGlobalTarget2"
}
2025-03-16 19:20:59,598 [DEBUG] [rdp_client.py:799 in __handle_events] - unhandled event received
2025-03-16 19:20:59,628 [DEBUG] [rdp_client.py:675 in __read] - message complete (34 == 34)
2025-03-16 19:20:59,629 [INFO] [rdp_client.py:869 in __print_response] - RESPONSE<-
{
  "from": "server1.conn0.watcher38"
}
2025-03-16 19:20:59,633 [DEBUG] [rdp_client.py:839 in __handle_single_request] - response valid, set result
2025-03-16 19:20:59,641 [DEBUG] [rdp_client.py:675 in __read] - message complete (1774 == 1774)
2025-03-16 19:20:59,685 [INFO] [rdp_client.py:869 in __print_response] - RESPONSE<-
{
  "type": "resources-available-array",
  "array": [
    [
      "network-event",
      [
        {
          "actor": "server1.conn0.netEvent45",
          "resourceId": 8589934642,
          "resourceType": "network-event",
          "browsingContextID": 11,
          "cause": {
            "loadingDocumentUri": "moz-extension://b06a910a-a14a-4f77-a09c-7a2a8c77e414/player.html?channel=elnueveok",
            "type": "xhr"
          },
          "chromeContext": false,
          "innerWindowId": 8589934599,
          "isNavigationRequest": false,
          "isThirdPartyTrackingResource": false,
          "isXHR": true,
          "method": "GET",
          "priority": 0,
          "private": false,
          "referrerPolicy": "strict-origin-when-cross-origin",
          "stacktraceResourceId": 8589934642,
          "startedDateTime": "2025-03-16T22:20:59.543Z",
          "securityFlags": 144,
          "timeStamp": 1742163659543,
          "timings": {},
          "url": "https://sae12.playlist.ttvnw.net/v1/playlist/CtYF65fRuHO6fUh-XWbc4Hq7zXqQlA1svHRq_TgEVIw76_eV33GsKXzRVY9BXM519T1d3RzQizlCVYUVgsavkcWff_r0AVHoNaXNWFXH275jQPd3_pyL1qKeGm4DfhGLsOlGIj1ygBOOOGM9J29dAvhRrRx2SMIKlJO_Agi7bmM4B27BABe7kuMXEFcZpq_pVhGqKjvpJrOrD2-iw2-HN3F02cB25fV0pty6kRoHsQEIm1TcYj3XrONWjhl05Kh_hS-wcqXW7CxizEhB654Xu6XFMRZwQNPVq2hlZaW5AW0aQF_muw9srm83nI9b-kbpvZScpY_N-4sIpzFL476HXYkKuMWIIpcf3lGLBcX1P28RbFHy9JJp-TaHeBV2SPVOJzcNH3ge1-0iYK4NAvYsHbGW-YDGOXTMaTEfbmmRHg60ou8zQzvUKEygxm2eLp0lNqIS6XR4OOPmfj2CDQItucy1_H-JKoGwn2SPNUdFch1nN2HE1Mqm_xCBQTcm32pjZ--qvYXmfGBZkWPXPAOEQzo0e6ZC5PI77OEO-o7NA1q-0ZfXB-TwGxk5s_EvomTUDjv4slLu2ihM-U3pSpWMIr2hzdGzrEycHOrkqNGngLuoYdh78afqFxjbx7TPOOHfiJbMTiixvxsjlQxgevSCyvtpm6huanzC9tDjLwDUVwWdwI6oeT59uxBA0-k6TTRWERvmRrr0EXNCOl5E1z0AcTRuIQZUasIfajClwqg4AL7N3UMCjahU35E0k4WuAOmxk-x9UnA5y7FEF2F8b_LQb6fyrV1YJZh7TS4wYcOG3Zwol7yf5rFSBLS6eJJnKdCZLXseLLaGaIDohqhCgoJnrome6HJMf4a3RFEdIV2AuP19U9avk4iTOeaFA7PuUPVmdghIlJsxdlTFEx_4WV5lCy4zjWNMdiy6phG97TmMyCaOImb_qdvUc1ydCyPc3tLcAMhMv9D0WLKXGgxj6AA6OQsOCCzzYJcgASoJdXMtZWFzdC0yMOcL.m3u8"
        }
      ]
    ]
  ],
  "from": "server1.conn0.watcher38"
}
2025-03-16 19:20:59,723 [DEBUG] [rdp_client.py:792 in __handle_events] - [server1.conn0.watcher38][resources-available-array] handled
2025-03-16 19:20:59,743 [DEBUG] [rdp_client.py:531 in __sync_send_receive] - 
2025-03-16 19:20:59,749 [INFO] [rdp_client.py:557 in __send] - REQUEST->
{
  "to": "server1.conn0.netEvent45",
  "type": "getRequestHeaders"
}
2025-03-16 19:21:00,813 [DEBUG] [rdp_client.py:675 in __read] - message complete (771 == 771)
2025-03-16 19:21:00,823 [INFO] [rdp_client.py:869 in __print_response] - RESPONSE<-
{
  "type": "resources-updated-array",
  "array": [
    [
      "network-event",
      [
        {
          "resourceId": 8589934641,
          "resourceUpdates": {
            "requestCookiesAvailable": true,
            "requestHeadersAvailable": true,
            "httpVersion": "HTTP/1.1",
            "status": "200",
            "statusText": "OK",
            "earlyHintsStatus": "",
            "remoteAddress": "3.160.119.113",
            "remotePort": 443,
            "mimeType": "application/octet-stream",
            "waitingTime": 69,
            "isResolvedByTRR": false,
            "responseHeadersAvailable": true,
            "responseCookiesAvailable": true,
            "responseStartAvailable": true,
            "securityState": "secure",
            "isRacing": false,
            "securityInfoAvailable": true,
            "totalTime": 858,
            "eventTimingsAvailable": true,
            "contentSize": 1264676,
            "transferredSize": 1265082,
            "blockedReason": 0,
            "responseContentAvailable": true
          },
          "browsingContextID": 11,
          "innerWindowId": 8589934599
        }
      ]
    ]
  ],
  "from": "server1.conn0.watcher38"
}
2025-03-16 19:21:00,824 [DEBUG] [rdp_client.py:799 in __handle_events] - unhandled event received
2025-03-16 19:21:00,989 [DEBUG] [rdp_client.py:675 in __read] - message complete (3413 == 3413)
2025-03-16 19:21:01,007 [INFO] [rdp_client.py:869 in __print_response] - RESPONSE<-
{
  "headers": [
    {
      "name": "Host",
      "value": "sae12.playlist.ttvnw.net"
    },
    {
      "name": "User-Agent",
      "value": "Mozilla/5.0 (X11; Linux x86_64; rv:136.0) Gecko/20100101 Firefox/136.0"
    },
    {
      "name": "Accept",
      "value": "*/*"
    },
    {
      "name": "Accept-Language",
      "value": "en-US,en;q=0.5"
    },
    {
      "name": "Accept-Encoding",
      "value": "gzip, deflate, br, zstd"
    },
    {
      "name": "Connection",
      "value": "keep-alive"
    },
    {
      "name": "Cookie",
      "value": "AWSALBTG=9Gw3/d6lttAsO0DOIBu5Eq06VBsSOGjartICyFiIh+aC0HBBMzFnkJEF9xgSQtf7O+Jx7R2etpfU4iRjOodbZg0NuFhKSlOreJYLVbmbgOT4ZjLGcD4gV0+UmWzAOJYwTEMd7ROtrS52mMnAVAwQhUthnfqEbxJSMHubnKsOsp8V; AWSALBTGCORS=9Gw3/d6lttAsO0DOIBu5Eq06VBsSOGjartICyFiIh+aC0HBBMzFnkJEF9xgSQtf7O+Jx7R2etpfU4iRjOodbZg0NuFhKSlOreJYLVbmbgOT4ZjLGcD4gV0+UmWzAOJYwTEMd7ROtrS52mMnAVAwQhUthnfqEbxJSMHubnKsOsp8V; AWSALB=p3jbCxuWoGUfVVIhM9nqMOfFgnoFlWh3wtijvLxNhyOWHYNRcC/L6OqIuAkJ77AgAEXaTIP8z2UMmS9mKRQjRgbgOXM7iFflUTvH9qzqZfZm74T24BtilJFzney/; AWSALBCORS=p3jbCxuWoGUfVVIhM9nqMOfFgnoFlWh3wtijvLxNhyOWHYNRcC/L6OqIuAkJ77AgAEXaTIP8z2UMmS9mKRQjRgbgOXM7iFflUTvH9qzqZfZm74T24BtilJFzney/"
    },
    {
      "name": "Sec-Fetch-Dest",
      "value": "empty"
    },
    {
      "name": "Sec-Fetch-Mode",
      "value": "cors"
    },
    {
      "name": "Sec-Fetch-Site",
      "value": "same-origin"
    },
    {
      "name": "Origin",
      "value": "https://www.twitch.tv"
    },
    {
      "name": "Referer",
      "value": "https://www.twitch.tv/"
    }
  ],
  "headersSize": 2061,
  "rawHeaders": "GET /v1/playlist/CtYF65fRuHO6fUh-XWbc4Hq7zXqQlA1svHRq_TgEVIw76_eV33GsKXzRVY9BXM519T1d3RzQizlCVYUVgsavkcWff_r0AVHoNaXNWFXH275jQPd3_pyL1qKeGm4DfhGLsOlGIj1ygBOOOGM9J29dAvhRrRx2SMIKlJO_Agi7bmM4B27BABe7kuMXEFcZpq_pVhGqKjvpJrOrD2-iw2-HN3F02cB25fV0pty6kRoHsQEIm1TcYj3XrONWjhl05Kh_hS-wcqXW7CxizEhB654Xu6XFMRZwQNPVq2hlZaW5AW0aQF_muw9srm83nI9b-kbpvZScpY_N-4sIpzFL476HXYkKuMWIIpcf3lGLBcX1P28RbFHy9JJp-TaHeBV2SPVOJzcNH3ge1-0iYK4NAvYsHbGW-YDGOXTMaTEfbmmRHg60ou8zQzvUKEygxm2eLp0lNqIS6XR4OOPmfj2CDQItucy1_H-JKoGwn2SPNUdFch1nN2HE1Mqm_xCBQTcm32pjZ--qvYXmfGBZkWPXPAOEQzo0e6ZC5PI77OEO-o7NA1q-0ZfXB-TwGxk5s_EvomTUDjv4slLu2ihM-U3pSpWMIr2hzdGzrEycHOrkqNGngLuoYdh78afqFxjbx7TPOOHfiJbMTiixvxsjlQxgevSCyvtpm6huanzC9tDjLwDUVwWdwI6oeT59uxBA0-k6TTRWERvmRrr0EXNCOl5E1z0AcTRuIQZUasIfajClwqg4AL7N3UMCjahU35E0k4WuAOmxk-x9UnA5y7FEF2F8b_LQb6fyrV1YJZh7TS4wYcOG3Zwol7yf5rFSBLS6eJJnKdCZLXseLLaGaIDohqhCgoJnrome6HJMf4a3RFEdIV2AuP19U9avk4iTOeaFA7PuUPVmdghIlJsxdlTFEx_4WV5lCy4zjWNMdiy6phG97TmMyCaOImb_qdvUc1ydCyPc3tLcAMhMv9D0WLKXGgxj6AA6OQsOCCzzYJcgASoJdXMtZWFzdC0yMOcL.m3u8 HTTP/1.1\r\nHost: sae12.playlist.ttvnw.net\r\nUser-Agent: Mozilla/5.0 (X11; Linux x86_64; rv:136.0) Gecko/20100101 Firefox/136.0\r\nAccept: */*\r\nAccept-Language: en-US,en;q=0.5\r\nAccept-Encoding: gzip, deflate, br, zstd\r\nConnection: keep-alive\r\nCookie: AWSALBTG=9Gw3/d6lttAsO0DOIBu5Eq06VBsSOGjartICyFiIh+aC0HBBMzFnkJEF9xgSQtf7O+Jx7R2etpfU4iRjOodbZg0NuFhKSlOreJYLVbmbgOT4ZjLGcD4gV0+UmWzAOJYwTEMd7ROtrS52mMnAVAwQhUthnfqEbxJSMHubnKsOsp8V; AWSALBTGCORS=9Gw3/d6lttAsO0DOIBu5Eq06VBsSOGjartICyFiIh+aC0HBBMzFnkJEF9xgSQtf7O+Jx7R2etpfU4iRjOodbZg0NuFhKSlOreJYLVbmbgOT4ZjLGcD4gV0+UmWzAOJYwTEMd7ROtrS52mMnAVAwQhUthnfqEbxJSMHubnKsOsp8V; AWSALB=p3jbCxuWoGUfVVIhM9nqMOfFgnoFlWh3wtijvLxNhyOWHYNRcC/L6OqIuAkJ77AgAEXaTIP8z2UMmS9mKRQjRgbgOXM7iFflUTvH9qzqZfZm74T24BtilJFzney/; AWSALBCORS=p3jbCxuWoGUfVVIhM9nqMOfFgnoFlWh3wtijvLxNhyOWHYNRcC/L6OqIuAkJ77AgAEXaTIP8z2UMmS9mKRQjRgbgOXM7iFflUTvH9qzqZfZm74T24BtilJFzney/\r\nSec-Fetch-Dest: empty\r\nSec-Fetch-Mode: cors\r\nSec-Fetch-Site: same-origin\r\nOrigin: https://www.twitch.tv\r\nReferer: https://www.twitch.tv/\r\n\r\n",
  "from": "server1.conn0.netEvent45"
}
2025-03-16 19:21:01,010 [DEBUG] [rdp_client.py:839 in __handle_single_request] - response valid, set result
2025-03-16 19:21:01,041 [DEBUG] [rdp_client.py:675 in __read] - message complete (381 == 381)
2025-03-16 19:21:01,047 [INFO] [rdp_client.py:869 in __print_response] - RESPONSE<-
{
  "type": "resources-available-array",
  "array": [
    [
      "network-event-stacktrace",
      [
        {
          "resourceId": 8589934643,
          "stacktraceAvailable": true,
          "lastFrame": {
            "filename": "moz-extension://b06a910a-a14a-4f77-a09c-7a2a8c77e414/player.js",
            "lineNumber": 5116,
            "columnNumber": 12,
            "functionName": "\u041f\u043e\u0441\u043b\u0430\u0442\u044c\u0417\u0430\u043f\u0440\u043e\u0441",
            "asyncCause": null
          }
        }
      ]
    ]
  ],
  "from": "server1.conn0.watcher37.process4//windowGlobalTarget2"
}
2025-03-16 19:21:01,086 [DEBUG] [rdp_client.py:675 in __read] - message complete (768 == 768)
2025-03-16 19:21:01,100 [INFO] [rdp_client.py:869 in __print_response] - RESPONSE<-
{
  "type": "resources-updated-array",
  "array": [
    [
      "network-event",
      [
        {
          "resourceId": 8589934642,
          "resourceUpdates": {
            "requestCookiesAvailable": true,
            "requestHeadersAvailable": true,
            "httpVersion": "HTTP/2",
            "status": "200",
            "statusText": "",
            "earlyHintsStatus": "",
            "remoteAddress": "54.207.173.175",
            "remotePort": 443,
            "mimeType": "application/vnd.apple.mpegurl",
            "waitingTime": 89,
            "isResolvedByTRR": false,
            "responseHeadersAvailable": true,
            "responseCookiesAvailable": true,
            "responseStartAvailable": true,
            "securityState": "secure",
            "isRacing": false,
            "securityInfoAvailable": true,
            "totalTime": 801,
            "eventTimingsAvailable": true,
            "contentSize": 14461,
            "transferredSize": 8954,
            "blockedReason": 0,
            "responseContentAvailable": true
          },
          "browsingContextID": 11,
          "innerWindowId": 8589934599
        }
      ]
    ]
  ],
  "from": "server1.conn0.watcher38"
}
2025-03-16 19:21:01,109 [DEBUG] [rdp_client.py:799 in __handle_events] - unhandled event received
2025-03-16 19:21:01,296 [DEBUG] [rdp_client.py:675 in __read] - message complete (1548 == 1548)
2025-03-16 19:21:01,330 [INFO] [rdp_client.py:869 in __print_response] - RESPONSE<-
{
  "type": "resources-available-array",
  "array": [
    [
      "network-event",
      [
        {
          "actor": "server1.conn0.netEvent61",
          "resourceId": 8589934643,
          "resourceType": "network-event",
          "browsingContextID": 11,
          "cause": {
            "loadingDocumentUri": "moz-extension://b06a910a-a14a-4f77-a09c-7a2a8c77e414/player.html?channel=elnueveok",
            "type": "xhr"
          },
          "chromeContext": false,
          "innerWindowId": 8589934599,
          "isNavigationRequest": false,
          "isThirdPartyTrackingResource": false,
          "isXHR": true,
          "method": "GET",
          "priority": 0,
          "private": false,
          "referrerPolicy": "strict-origin-when-cross-origin",
          "stacktraceResourceId": 8589934643,
          "startedDateTime": "2025-03-16T22:21:01.183Z",
          "securityFlags": 144,
          "timeStamp": 1742163661183,
          "timings": {},
          "url": "https://7bca29df4f20.j.cloudfront.hls.ttvnw.net/v1/segment/CpQDu3Y6Km-QpK93s9T6X73lhb5pglHOkW2Q8HMsFnQ4j6XHGdgJ-cPqhQRRK1rsFNYlyU3NqhskW4aVRmj-q11EA3yC8o1E6yRuL93A7q5lhgsbu_cB1XDpXGVtamkYeIN_GtT1eO25SqgpIASYywWiTro2VhXchehE2sRRYBo5-9wBWNYbI83-6zf2zs0eAIU7YxbcQiMRIa0pFzanLIJNnljtUGqHA0vSpPSbVdZODPIH4-my8D3rbVtR_ERsmftMZwK1310vuvOz53_7rgIpBWZ0bZyqeUnTNkHoFEgIUiceazj4gdAdV0Zp-i8UwAKKyAT5eO7C9WQevWg-o-7LoPHUMLwqnC2F52lMVkeuzxbPUpRDoSFegLzrlJwzhIiq5-7dgfxJTZ5UqqMriSuv-dRXIUOGV3Ee-OD9SOzdmB82weYobBJVAYXvKnPX5_hLq6YiB-_03c8LcNR1zLGrWHf32skoBjvqmszpRK8OJj8s-tvQKiLs18d54LwSTWLNSCLA_ZnTayuKBoHfyODNNfBVObQaDEX6gfdJ3kyKju8rwyABKgl1cy1lYXN0LTIw5ws.ts?dna=Cmu3hNAlirjbrnq35t6e1ZtKKawoswF_uGQ7Wxp0rbc_ze2Qeju7lAeP6VRhQFKM2lO6SMI-EuXPMxflHBXOJe0gY7SHH_rrhtBHzzLLxO-4V4D_Si8WaXpXBFtAdnN8_U_XA5jrQQdRQ9xSORoMiQVMz6bptdv0Mqt8IAEqCXVzLWVhc3QtMjDnCw"
        }
      ]
    ]
  ],
  "from": "server1.conn0.watcher38"
}
2025-03-16 19:21:01,348 [DEBUG] [rdp_client.py:792 in __handle_events] - [server1.conn0.watcher38][resources-available-array] handled
2025-03-16 19:21:01,351 [DEBUG] [rdp_client.py:531 in __sync_send_receive] - 
2025-03-16 19:21:01,381 [INFO] [rdp_client.py:557 in __send] - REQUEST->
{
  "to": "server1.conn0.netEvent61",
  "type": "getRequestHeaders"
}
2025-03-16 19:21:01,760 [DEBUG] [rdp_client.py:675 in __read] - message complete (1885 == 1885)
2025-03-16 19:21:01,787 [INFO] [rdp_client.py:869 in __print_response] - RESPONSE<-
{
  "headers": [
    {
      "name": "Host",
      "value": "7bca29df4f20.j.cloudfront.hls.ttvnw.net"
    },
    {
      "name": "User-Agent",
      "value": "Mozilla/5.0 (X11; Linux x86_64; rv:136.0) Gecko/20100101 Firefox/136.0"
    },
    {
      "name": "Accept",
      "value": "*/*"
    },
    {
      "name": "Accept-Language",
      "value": "en-US,en;q=0.5"
    },
    {
      "name": "Accept-Encoding",
      "value": "gzip, deflate, br, zstd"
    },
    {
      "name": "Connection",
      "value": "keep-alive"
    },
    {
      "name": "Sec-Fetch-Dest",
      "value": "empty"
    },
    {
      "name": "Sec-Fetch-Mode",
      "value": "cors"
    },
    {
      "name": "Sec-Fetch-Site",
      "value": "same-origin"
    },
    {
      "name": "Origin",
      "value": "https://www.twitch.tv"
    },
    {
      "name": "Referer",
      "value": "https://www.twitch.tv/"
    }
  ],
  "headersSize": 1187,
  "rawHeaders": "GET /v1/segment/CpQDu3Y6Km-QpK93s9T6X73lhb5pglHOkW2Q8HMsFnQ4j6XHGdgJ-cPqhQRRK1rsFNYlyU3NqhskW4aVRmj-q11EA3yC8o1E6yRuL93A7q5lhgsbu_cB1XDpXGVtamkYeIN_GtT1eO25SqgpIASYywWiTro2VhXchehE2sRRYBo5-9wBWNYbI83-6zf2zs0eAIU7YxbcQiMRIa0pFzanLIJNnljtUGqHA0vSpPSbVdZODPIH4-my8D3rbVtR_ERsmftMZwK1310vuvOz53_7rgIpBWZ0bZyqeUnTNkHoFEgIUiceazj4gdAdV0Zp-i8UwAKKyAT5eO7C9WQevWg-o-7LoPHUMLwqnC2F52lMVkeuzxbPUpRDoSFegLzrlJwzhIiq5-7dgfxJTZ5UqqMriSuv-dRXIUOGV3Ee-OD9SOzdmB82weYobBJVAYXvKnPX5_hLq6YiB-_03c8LcNR1zLGrWHf32skoBjvqmszpRK8OJj8s-tvQKiLs18d54LwSTWLNSCLA_ZnTayuKBoHfyODNNfBVObQaDEX6gfdJ3kyKju8rwyABKgl1cy1lYXN0LTIw5ws.ts?dna=Cmu3hNAlirjbrnq35t6e1ZtKKawoswF_uGQ7Wxp0rbc_ze2Qeju7lAeP6VRhQFKM2lO6SMI-EuXPMxflHBXOJe0gY7SHH_rrhtBHzzLLxO-4V4D_Si8WaXpXBFtAdnN8_U_XA5jrQQdRQ9xSORoMiQVMz6bptdv0Mqt8IAEqCXVzLWVhc3QtMjDnCw HTTP/1.1\r\nHost: 7bca29df4f20.j.cloudfront.hls.ttvnw.net\r\nUser-Agent: Mozilla/5.0 (X11; Linux x86_64; rv:136.0) Gecko/20100101 Firefox/136.0\r\nAccept: */*\r\nAccept-Language: en-US,en;q=0.5\r\nAccept-Encoding: gzip, deflate, br, zstd\r\nConnection: keep-alive\r\nSec-Fetch-Dest: empty\r\nSec-Fetch-Mode: cors\r\nSec-Fetch-Site: same-origin\r\nOrigin: https://www.twitch.tv\r\nReferer: https://www.twitch.tv/\r\n\r\n",
  "from": "server1.conn0.netEvent61"
}
2025-03-16 19:21:01,789 [DEBUG] [rdp_client.py:839 in __handle_single_request] - response valid, set result
2025-03-16 19:21:02,243 [DEBUG] [rdp_client.py:675 in __read] - message complete (381 == 381)
2025-03-16 19:21:02,294 [INFO] [rdp_client.py:869 in __print_response] - RESPONSE<-
{
  "type": "resources-available-array",
  "array": [
    [
      "network-event-stacktrace",
      [
        {
          "resourceId": 8589934644,
          "stacktraceAvailable": true,
          "lastFrame": {
            "filename": "moz-extension://b06a910a-a14a-4f77-a09c-7a2a8c77e414/player.js",
            "lineNumber": 5116,
            "columnNumber": 12,
            "functionName": "\u041f\u043e\u0441\u043b\u0430\u0442\u044c\u0417\u0430\u043f\u0440\u043e\u0441",
            "asyncCause": null
          }
        }
      ]
    ]
  ],
  "from": "server1.conn0.watcher37.process4//windowGlobalTarget2"
}
2025-03-16 19:21:02,352 [DEBUG] [rdp_client.py:675 in __read] - message complete (772 == 772)
2025-03-16 19:21:02,355 [INFO] [rdp_client.py:869 in __print_response] - RESPONSE<-
{
  "type": "resources-updated-array",
  "array": [
    [
      "network-event",
      [
        {
          "resourceId": 8589934643,
          "resourceUpdates": {
            "requestCookiesAvailable": true,
            "requestHeadersAvailable": true,
            "httpVersion": "HTTP/1.1",
            "status": "200",
            "statusText": "OK",
            "earlyHintsStatus": "",
            "remoteAddress": "3.160.119.113",
            "remotePort": 443,
            "mimeType": "application/octet-stream",
            "waitingTime": 105,
            "isResolvedByTRR": false,
            "responseHeadersAvailable": true,
            "responseCookiesAvailable": true,
            "responseStartAvailable": true,
            "securityState": "secure",
            "isRacing": false,
            "securityInfoAvailable": true,
            "totalTime": 402,
            "eventTimingsAvailable": true,
            "contentSize": 1497232,
            "transferredSize": 1497638,
            "blockedReason": 0,
            "responseContentAvailable": true
          },
          "browsingContextID": 11,
          "innerWindowId": 8589934599
        }
      ]
    ]
  ],
  "from": "server1.conn0.watcher38"
}
2025-03-16 19:21:02,402 [DEBUG] [rdp_client.py:799 in __handle_events] - unhandled event received
2025-03-16 19:21:02,415 [DEBUG] [rdp_client.py:675 in __read] - message complete (1774 == 1774)
2025-03-16 19:21:02,474 [INFO] [rdp_client.py:869 in __print_response] - RESPONSE<-
{
  "type": "resources-available-array",
  "array": [
    [
      "network-event",
      [
        {
          "actor": "server1.conn0.netEvent75",
          "resourceId": 8589934644,
          "resourceType": "network-event",
          "browsingContextID": 11,
          "cause": {
            "loadingDocumentUri": "moz-extension://b06a910a-a14a-4f77-a09c-7a2a8c77e414/player.html?channel=elnueveok",
            "type": "xhr"
          },
          "chromeContext": false,
          "innerWindowId": 8589934599,
          "isNavigationRequest": false,
          "isThirdPartyTrackingResource": false,
          "isXHR": true,
          "method": "GET",
          "priority": 0,
          "private": false,
          "referrerPolicy": "strict-origin-when-cross-origin",
          "stacktraceResourceId": 8589934644,
          "startedDateTime": "2025-03-16T22:21:02.259Z",
          "securityFlags": 144,
          "timeStamp": 1742163662259,
          "timings": {},
          "url": "https://sae12.playlist.ttvnw.net/v1/playlist/CtYF65fRuHO6fUh-XWbc4Hq7zXqQlA1svHRq_TgEVIw76_eV33GsKXzRVY9BXM519T1d3RzQizlCVYUVgsavkcWff_r0AVHoNaXNWFXH275jQPd3_pyL1qKeGm4DfhGLsOlGIj1ygBOOOGM9J29dAvhRrRx2SMIKlJO_Agi7bmM4B27BABe7kuMXEFcZpq_pVhGqKjvpJrOrD2-iw2-HN3F02cB25fV0pty6kRoHsQEIm1TcYj3XrONWjhl05Kh_hS-wcqXW7CxizEhB654Xu6XFMRZwQNPVq2hlZaW5AW0aQF_muw9srm83nI9b-kbpvZScpY_N-4sIpzFL476HXYkKuMWIIpcf3lGLBcX1P28RbFHy9JJp-TaHeBV2SPVOJzcNH3ge1-0iYK4NAvYsHbGW-YDGOXTMaTEfbmmRHg60ou8zQzvUKEygxm2eLp0lNqIS6XR4OOPmfj2CDQItucy1_H-JKoGwn2SPNUdFch1nN2HE1Mqm_xCBQTcm32pjZ--qvYXmfGBZkWPXPAOEQzo0e6ZC5PI77OEO-o7NA1q-0ZfXB-TwGxk5s_EvomTUDjv4slLu2ihM-U3pSpWMIr2hzdGzrEycHOrkqNGngLuoYdh78afqFxjbx7TPOOHfiJbMTiixvxsjlQxgevSCyvtpm6huanzC9tDjLwDUVwWdwI6oeT59uxBA0-k6TTRWERvmRrr0EXNCOl5E1z0AcTRuIQZUasIfajClwqg4AL7N3UMCjahU35E0k4WuAOmxk-x9UnA5y7FEF2F8b_LQb6fyrV1YJZh7TS4wYcOG3Zwol7yf5rFSBLS6eJJnKdCZLXseLLaGaIDohqhCgoJnrome6HJMf4a3RFEdIV2AuP19U9avk4iTOeaFA7PuUPVmdghIlJsxdlTFEx_4WV5lCy4zjWNMdiy6phG97TmMyCaOImb_qdvUc1ydCyPc3tLcAMhMv9D0WLKXGgxj6AA6OQsOCCzzYJcgASoJdXMtZWFzdC0yMOcL.m3u8"
        }
      ]
    ]
  ],
  "from": "server1.conn0.watcher38"
}
2025-03-16 19:21:02,487 [DEBUG] [rdp_client.py:792 in __handle_events] - [server1.conn0.watcher38][resources-available-array] handled
2025-03-16 19:21:02,488 [DEBUG] [rdp_client.py:531 in __sync_send_receive] - 
2025-03-16 19:21:02,543 [INFO] [rdp_client.py:557 in __send] - REQUEST->
{
  "to": "server1.conn0.netEvent75",
  "type": "getRequestHeaders"
}
2025-03-16 19:21:02,629 [DEBUG] [rdp_client.py:675 in __read] - message complete (1203 == 1203)
2025-03-16 19:21:02,662 [INFO] [rdp_client.py:869 in __print_response] - RESPONSE<-
{
  "headers": [
    {
      "name": "Host",
      "value": "sae12.playlist.ttvnw.net"
    },
    {
      "name": "User-Agent",
      "value": "Mozilla/5.0 (X11; Linux x86_64; rv:136.0) Gecko/20100101 Firefox/136.0"
    },
    {
      "name": "Accept",
      "value": "*/*"
    },
    {
      "name": "Accept-Language",
      "value": "en-US,en;q=0.5"
    },
    {
      "name": "Accept-Encoding",
      "value": "gzip, deflate, br, zstd"
    },
    {
      "name": "Connection",
      "value": "keep-alive"
    },
    {
      "name": "Cookie",
      "value": "AWSALBTG=O2lIIRhqc4vDLE53iBxA5BaU8JqIDuOuPrULYVYARor8QPKQ1A7BuMxXL7q8sdBT1QNDrYuSr0fW2Rxf6i5mF4IJqWMCWOkMpos2DiZOPDZy8ymyYJv+5iCKqWg0/I1ZKEv16uZkt6He/cGBNa06W4BbdviuEFOjEaXSth6DdGBP; AWSALBTGCORS=O2lIIRhqc4vDLE53iBxA5BaU8JqIDuOuPrULYVYARor8QPKQ1A7BuMxXL7q8sdBT1QNDrYuSr0fW2Rxf6i5mF4IJqWMCWOkMpos2DiZOPDZy8ymyYJv+5iCKqWg0/I1ZKEv16uZkt6He/cGBNa06W4BbdviuEFOjEaXSth6DdGBP; AWSALB=pW4c/iwxrp/WthTFOvboJhC3UDfMd0OI0AGrjyTgwhBzaeBzvGhYJaoSkU8dd9VFTHPTCpQYl8rCSUk5AZ3S6nJyFSUnRpvocFElGWLuPqwCZ4mVgVuxyGoqI2ex; AWSALBCORS=pW4c/iwxrp/WthTFOvboJhC3UDfMd0OI0AGrjyTgwhBzaeBzvGhYJaoSkU8dd9VFTHPTCpQYl8rCSUk5AZ3S6nJyFSUnRpvocFElGWLuPqwCZ4mVgVuxyGoqI2ex"
    },
    {
      "name": "Sec-Fetch-Dest",
      "value": "empty"
    },
    {
      "name": "Sec-Fetch-Mode",
      "value": "cors"
    },
    {
      "name": "Sec-Fetch-Site",
      "value": "same-origin"
    }
  ],
  "headersSize": 0,
  "from": "server1.conn0.netEvent75"
}
2025-03-16 19:21:02,688 [DEBUG] [rdp_client.py:839 in __handle_single_request] - response valid, set result
2025-03-16 19:21:03,464 [DEBUG] [rdp_client.py:675 in __read] - message complete (767 == 767)
2025-03-16 19:21:03,521 [INFO] [rdp_client.py:869 in __print_response] - RESPONSE<-
{
  "type": "resources-updated-array",
  "array": [
    [
      "network-event",
      [
        {
          "resourceId": 8589934644,
          "resourceUpdates": {
            "requestCookiesAvailable": true,
            "requestHeadersAvailable": true,
            "httpVersion": "HTTP/2",
            "status": "200",
            "statusText": "",
            "earlyHintsStatus": "",
            "remoteAddress": "54.207.173.175",
            "remotePort": 443,
            "mimeType": "application/vnd.apple.mpegurl",
            "waitingTime": 80,
            "isResolvedByTRR": false,
            "responseHeadersAvailable": true,
            "responseCookiesAvailable": true,
            "responseStartAvailable": true,
            "securityState": "secure",
            "isRacing": false,
            "securityInfoAvailable": true,
            "totalTime": 80,
            "eventTimingsAvailable": true,
            "contentSize": 14461,
            "transferredSize": 8958,
            "blockedReason": 0,
            "responseContentAvailable": true
          },
          "browsingContextID": 11,
          "innerWindowId": 8589934599
        }
      ]
    ]
  ],
  "from": "server1.conn0.watcher38"
}
2025-03-16 19:21:03,522 [DEBUG] [rdp_client.py:799 in __handle_events] - unhandled event received
2025-03-16 19:21:04,158 [DEBUG] [rdp_client.py:675 in __read] - message complete (381 == 381)
2025-03-16 19:21:04,186 [INFO] [rdp_client.py:869 in __print_response] - RESPONSE<-
{
  "type": "resources-available-array",
  "array": [
    [
      "network-event-stacktrace",
      [
        {
          "resourceId": 8589934645,
          "stacktraceAvailable": true,
          "lastFrame": {
            "filename": "moz-extension://b06a910a-a14a-4f77-a09c-7a2a8c77e414/player.js",
            "lineNumber": 5116,
            "columnNumber": 12,
            "functionName": "\u041f\u043e\u0441\u043b\u0430\u0442\u044c\u0417\u0430\u043f\u0440\u043e\u0441",
            "asyncCause": null
          }
        }
      ]
    ]
  ],
  "from": "server1.conn0.watcher37.process4//windowGlobalTarget2"
}
2025-03-16 19:21:04,605 [DEBUG] [rdp_client.py:675 in __read] - message complete (1548 == 1548)
2025-03-16 19:21:04,666 [INFO] [rdp_client.py:869 in __print_response] - RESPONSE<-
{
  "type": "resources-available-array",
  "array": [
    [
      "network-event",
      [
        {
          "actor": "server1.conn0.netEvent87",
          "resourceId": 8589934645,
          "resourceType": "network-event",
          "browsingContextID": 11,
          "cause": {
            "loadingDocumentUri": "moz-extension://b06a910a-a14a-4f77-a09c-7a2a8c77e414/player.html?channel=elnueveok",
            "type": "xhr"
          },
          "chromeContext": false,
          "innerWindowId": 8589934599,
          "isNavigationRequest": false,
          "isThirdPartyTrackingResource": false,
          "isXHR": true,
          "method": "GET",
          "priority": 0,
          "private": false,
          "referrerPolicy": "strict-origin-when-cross-origin",
          "stacktraceResourceId": 8589934645,
          "startedDateTime": "2025-03-16T22:21:04.345Z",
          "securityFlags": 144,
          "timeStamp": 1742163664345,
          "timings": {},
          "url": "https://7bca29df4f20.j.cloudfront.hls.ttvnw.net/v1/segment/CpQDKGno-hw3s_6ajKBbFjahGHFhHmpuBm67bTYO7fHr5m201-ic5uKEpYK1Wo8q2C7xb8SkSbFZKt0NuFxG3dJSbl_ifH6TKdiRLf0PGNIMiGnvZNdU5Twz5e48NMRcy7bRoy9kC82BX1q75z_Cabup25uSN1w70SlvL098tXODXNyiclak0dNgxuJAZYpcdXwAQ-FuHUIHZYS67acngzQ_rB7Fj0o-Qo2thxw79F9k3SxlyopFrvTMPRCm_zCot3cKEu83N8_27KazZc4KqRhgQvcsxmU8i4hffLJTjSTKOFPI3oMncshX2nTWzQWyzZ67EZN2h2HuIJ4qURwtoUKnbj3Cg_mj4pNQoaHDKYlNfwxWuFPp2uC1CIrIGNyrv5J6DJLOcwJQdxWvgGVWPd4QWWCrT_9MMw3cG5rB41OzPVsflYOUgDPZzpey0kfmmr5WfZqmLnpb48mesXWep2EdGdFG85aQgOXO8sTgcsT-WX3EaaDaMDeeAc74DbF5pa-nVPubQNH5-RFe1zYidkMFdcaKYiYaDMiyWdLp4N94DhaX_SABKgl1cy1lYXN0LTIw5ws.ts?dna=Cmu3hNAlirjbrnq35t6e1ZtKKawoswF_uGQ7Wxp0rbc_ze2Qeju7lAeP6VRhQFKM2lO6SMI-EuXPMxflHBXOJe0gY7SHH_rrhtBHzzLLxO-4V4D_Si8WaXpXBFtAdnN8_U_XA5jrQQdRQ9xSORoMiQVMz6bptdv0Mqt8IAEqCXVzLWVhc3QtMjDnCw"
        }
      ]
    ]
  ],
  "from": "server1.conn0.watcher38"
}
2025-03-16 19:21:04,691 [DEBUG] [rdp_client.py:792 in __handle_events] - [server1.conn0.watcher38][resources-available-array] handled
2025-03-16 19:21:04,694 [DEBUG] [rdp_client.py:675 in __read] - message complete (381 == 381)
2025-03-16 19:21:04,728 [DEBUG] [rdp_client.py:531 in __sync_send_receive] - 
2025-03-16 19:21:04,742 [INFO] [rdp_client.py:869 in __print_response] - RESPONSE<-
{
  "type": "resources-available-array",
  "array": [
    [
      "network-event-stacktrace",
      [
        {
          "resourceId": 8589934646,
          "stacktraceAvailable": true,
          "lastFrame": {
            "filename": "moz-extension://b06a910a-a14a-4f77-a09c-7a2a8c77e414/player.js",
            "lineNumber": 5116,
            "columnNumber": 12,
            "functionName": "\u041f\u043e\u0441\u043b\u0430\u0442\u044c\u0417\u0430\u043f\u0440\u043e\u0441",
            "asyncCause": null
          }
        }
      ]
    ]
  ],
  "from": "server1.conn0.watcher37.process4//windowGlobalTarget2"
}
2025-03-16 19:21:04,798 [INFO] [rdp_client.py:557 in __send] - REQUEST->
{
  "to": "server1.conn0.netEvent87",
  "type": "getRequestHeaders"
}
2025-03-16 19:21:05,102 [DEBUG] [rdp_client.py:675 in __read] - message complete (1774 == 1774)
2025-03-16 19:21:05,152 [INFO] [rdp_client.py:869 in __print_response] - RESPONSE<-
{
  "type": "resources-available-array",
  "array": [
    [
      "network-event",
      [
        {
          "actor": "server1.conn0.netEvent88",
          "resourceId": 8589934646,
          "resourceType": "network-event",
          "browsingContextID": 11,
          "cause": {
            "loadingDocumentUri": "moz-extension://b06a910a-a14a-4f77-a09c-7a2a8c77e414/player.html?channel=elnueveok",
            "type": "xhr"
          },
          "chromeContext": false,
          "innerWindowId": 8589934599,
          "isNavigationRequest": false,
          "isThirdPartyTrackingResource": false,
          "isXHR": true,
          "method": "GET",
          "priority": 0,
          "private": false,
          "referrerPolicy": "strict-origin-when-cross-origin",
          "stacktraceResourceId": 8589934646,
          "startedDateTime": "2025-03-16T22:21:04.898Z",
          "securityFlags": 144,
          "timeStamp": 1742163664898,
          "timings": {},
          "url": "https://sae12.playlist.ttvnw.net/v1/playlist/CtYF65fRuHO6fUh-XWbc4Hq7zXqQlA1svHRq_TgEVIw76_eV33GsKXzRVY9BXM519T1d3RzQizlCVYUVgsavkcWff_r0AVHoNaXNWFXH275jQPd3_pyL1qKeGm4DfhGLsOlGIj1ygBOOOGM9J29dAvhRrRx2SMIKlJO_Agi7bmM4B27BABe7kuMXEFcZpq_pVhGqKjvpJrOrD2-iw2-HN3F02cB25fV0pty6kRoHsQEIm1TcYj3XrONWjhl05Kh_hS-wcqXW7CxizEhB654Xu6XFMRZwQNPVq2hlZaW5AW0aQF_muw9srm83nI9b-kbpvZScpY_N-4sIpzFL476HXYkKuMWIIpcf3lGLBcX1P28RbFHy9JJp-TaHeBV2SPVOJzcNH3ge1-0iYK4NAvYsHbGW-YDGOXTMaTEfbmmRHg60ou8zQzvUKEygxm2eLp0lNqIS6XR4OOPmfj2CDQItucy1_H-JKoGwn2SPNUdFch1nN2HE1Mqm_xCBQTcm32pjZ--qvYXmfGBZkWPXPAOEQzo0e6ZC5PI77OEO-o7NA1q-0ZfXB-TwGxk5s_EvomTUDjv4slLu2ihM-U3pSpWMIr2hzdGzrEycHOrkqNGngLuoYdh78afqFxjbx7TPOOHfiJbMTiixvxsjlQxgevSCyvtpm6huanzC9tDjLwDUVwWdwI6oeT59uxBA0-k6TTRWERvmRrr0EXNCOl5E1z0AcTRuIQZUasIfajClwqg4AL7N3UMCjahU35E0k4WuAOmxk-x9UnA5y7FEF2F8b_LQb6fyrV1YJZh7TS4wYcOG3Zwol7yf5rFSBLS6eJJnKdCZLXseLLaGaIDohqhCgoJnrome6HJMf4a3RFEdIV2AuP19U9avk4iTOeaFA7PuUPVmdghIlJsxdlTFEx_4WV5lCy4zjWNMdiy6phG97TmMyCaOImb_qdvUc1ydCyPc3tLcAMhMv9D0WLKXGgxj6AA6OQsOCCzzYJcgASoJdXMtZWFzdC0yMOcL.m3u8"
        }
      ]
    ]
  ],
  "from": "server1.conn0.watcher38"
}
2025-03-16 19:21:05,251 [DEBUG] [rdp_client.py:792 in __handle_events] - [server1.conn0.watcher38][resources-available-array] handled
2025-03-16 19:21:05,260 [DEBUG] [rdp_client.py:675 in __read] - message complete (1885 == 1885)
2025-03-16 19:21:05,330 [INFO] [rdp_client.py:869 in __print_response] - RESPONSE<-
{
  "headers": [
    {
      "name": "Host",
      "value": "7bca29df4f20.j.cloudfront.hls.ttvnw.net"
    },
    {
      "name": "User-Agent",
      "value": "Mozilla/5.0 (X11; Linux x86_64; rv:136.0) Gecko/20100101 Firefox/136.0"
    },
    {
      "name": "Accept",
      "value": "*/*"
    },
    {
      "name": "Accept-Language",
      "value": "en-US,en;q=0.5"
    },
    {
      "name": "Accept-Encoding",
      "value": "gzip, deflate, br, zstd"
    },
    {
      "name": "Connection",
      "value": "keep-alive"
    },
    {
      "name": "Sec-Fetch-Dest",
      "value": "empty"
    },
    {
      "name": "Sec-Fetch-Mode",
      "value": "cors"
    },
    {
      "name": "Sec-Fetch-Site",
      "value": "same-origin"
    },
    {
      "name": "Origin",
      "value": "https://www.twitch.tv"
    },
    {
      "name": "Referer",
      "value": "https://www.twitch.tv/"
    }
  ],
  "headersSize": 1187,
  "rawHeaders": "GET /v1/segment/CpQDKGno-hw3s_6ajKBbFjahGHFhHmpuBm67bTYO7fHr5m201-ic5uKEpYK1Wo8q2C7xb8SkSbFZKt0NuFxG3dJSbl_ifH6TKdiRLf0PGNIMiGnvZNdU5Twz5e48NMRcy7bRoy9kC82BX1q75z_Cabup25uSN1w70SlvL098tXODXNyiclak0dNgxuJAZYpcdXwAQ-FuHUIHZYS67acngzQ_rB7Fj0o-Qo2thxw79F9k3SxlyopFrvTMPRCm_zCot3cKEu83N8_27KazZc4KqRhgQvcsxmU8i4hffLJTjSTKOFPI3oMncshX2nTWzQWyzZ67EZN2h2HuIJ4qURwtoUKnbj3Cg_mj4pNQoaHDKYlNfwxWuFPp2uC1CIrIGNyrv5J6DJLOcwJQdxWvgGVWPd4QWWCrT_9MMw3cG5rB41OzPVsflYOUgDPZzpey0kfmmr5WfZqmLnpb48mesXWep2EdGdFG85aQgOXO8sTgcsT-WX3EaaDaMDeeAc74DbF5pa-nVPubQNH5-RFe1zYidkMFdcaKYiYaDMiyWdLp4N94DhaX_SABKgl1cy1lYXN0LTIw5ws.ts?dna=Cmu3hNAlirjbrnq35t6e1ZtKKawoswF_uGQ7Wxp0rbc_ze2Qeju7lAeP6VRhQFKM2lO6SMI-EuXPMxflHBXOJe0gY7SHH_rrhtBHzzLLxO-4V4D_Si8WaXpXBFtAdnN8_U_XA5jrQQdRQ9xSORoMiQVMz6bptdv0Mqt8IAEqCXVzLWVhc3QtMjDnCw HTTP/1.1\r\nHost: 7bca29df4f20.j.cloudfront.hls.ttvnw.net\r\nUser-Agent: Mozilla/5.0 (X11; Linux x86_64; rv:136.0) Gecko/20100101 Firefox/136.0\r\nAccept: */*\r\nAccept-Language: en-US,en;q=0.5\r\nAccept-Encoding: gzip, deflate, br, zstd\r\nConnection: keep-alive\r\nSec-Fetch-Dest: empty\r\nSec-Fetch-Mode: cors\r\nSec-Fetch-Site: same-origin\r\nOrigin: https://www.twitch.tv\r\nReferer: https://www.twitch.tv/\r\n\r\n",
  "from": "server1.conn0.netEvent87"
}
2025-03-16 19:21:05,353 [DEBUG] [rdp_client.py:839 in __handle_single_request] - response valid, set result
2025-03-16 19:21:05,384 [DEBUG] [rdp_client.py:531 in __sync_send_receive] - 
2025-03-16 19:21:05,407 [INFO] [rdp_client.py:557 in __send] - REQUEST->
{
  "to": "server1.conn0.netEvent88",
  "type": "getRequestHeaders"
}
2025-03-16 19:21:05,763 [DEBUG] [rdp_client.py:675 in __read] - message complete (3446 == 3446)
2025-03-16 19:21:05,795 [INFO] [rdp_client.py:869 in __print_response] - RESPONSE<-
{
  "headers": [
    {
      "name": "Host",
      "value": "sae12.playlist.ttvnw.net"
    },
    {
      "name": "User-Agent",
      "value": "Mozilla/5.0 (X11; Linux x86_64; rv:136.0) Gecko/20100101 Firefox/136.0"
    },
    {
      "name": "Accept",
      "value": "*/*"
    },
    {
      "name": "Accept-Language",
      "value": "en-US,en;q=0.5"
    },
    {
      "name": "Accept-Encoding",
      "value": "gzip, deflate, br, zstd"
    },
    {
      "name": "Connection",
      "value": "keep-alive"
    },
    {
      "name": "Cookie",
      "value": "AWSALBTG=n5ARpkpcmYShQPjIuWYDyNXR6KOqDLH6pXG0cizIFDs6Pfot9GhHBn772yUAfxQ1ml0kpQxoPknF/CVrJTeG/rT7aUAJwt5v9VxU/tcK/DEDp3HQxzx+DrmAkN942qFSc6mDBPZHIeY8fKtSrNu88c1QZCgzkv9j/viDP8x2Q9+Z; AWSALBTGCORS=n5ARpkpcmYShQPjIuWYDyNXR6KOqDLH6pXG0cizIFDs6Pfot9GhHBn772yUAfxQ1ml0kpQxoPknF/CVrJTeG/rT7aUAJwt5v9VxU/tcK/DEDp3HQxzx+DrmAkN942qFSc6mDBPZHIeY8fKtSrNu88c1QZCgzkv9j/viDP8x2Q9+Z; AWSALB=8mENTOkI4Q6Iig/rZeZy6pEfccKBq/4Ww1yv/1QRGJszMBkfZR+UBfiQdUz1u2mqv60jf7BnPuBU5UG0BtVaQ+ygFXzvAWOt8QNdifPVG4CLhc/BkH3Rbs9YgTmD; AWSALBCORS=8mENTOkI4Q6Iig/rZeZy6pEfccKBq/4Ww1yv/1QRGJszMBkfZR+UBfiQdUz1u2mqv60jf7BnPuBU5UG0BtVaQ+ygFXzvAWOt8QNdifPVG4CLhc/BkH3Rbs9YgTmD"
    },
    {
      "name": "Sec-Fetch-Dest",
      "value": "empty"
    },
    {
      "name": "Sec-Fetch-Mode",
      "value": "cors"
    },
    {
      "name": "Sec-Fetch-Site",
      "value": "same-origin"
    },
    {
      "name": "Origin",
      "value": "https://www.twitch.tv"
    },
    {
      "name": "Referer",
      "value": "https://www.twitch.tv/"
    },
    {
      "name": "TE",
      "value": "trailers"
    }
  ],
  "headersSize": 2061,
  "rawHeaders": "GET /v1/playlist/CtYF65fRuHO6fUh-XWbc4Hq7zXqQlA1svHRq_TgEVIw76_eV33GsKXzRVY9BXM519T1d3RzQizlCVYUVgsavkcWff_r0AVHoNaXNWFXH275jQPd3_pyL1qKeGm4DfhGLsOlGIj1ygBOOOGM9J29dAvhRrRx2SMIKlJO_Agi7bmM4B27BABe7kuMXEFcZpq_pVhGqKjvpJrOrD2-iw2-HN3F02cB25fV0pty6kRoHsQEIm1TcYj3XrONWjhl05Kh_hS-wcqXW7CxizEhB654Xu6XFMRZwQNPVq2hlZaW5AW0aQF_muw9srm83nI9b-kbpvZScpY_N-4sIpzFL476HXYkKuMWIIpcf3lGLBcX1P28RbFHy9JJp-TaHeBV2SPVOJzcNH3ge1-0iYK4NAvYsHbGW-YDGOXTMaTEfbmmRHg60ou8zQzvUKEygxm2eLp0lNqIS6XR4OOPmfj2CDQItucy1_H-JKoGwn2SPNUdFch1nN2HE1Mqm_xCBQTcm32pjZ--qvYXmfGBZkWPXPAOEQzo0e6ZC5PI77OEO-o7NA1q-0ZfXB-TwGxk5s_EvomTUDjv4slLu2ihM-U3pSpWMIr2hzdGzrEycHOrkqNGngLuoYdh78afqFxjbx7TPOOHfiJbMTiixvxsjlQxgevSCyvtpm6huanzC9tDjLwDUVwWdwI6oeT59uxBA0-k6TTRWERvmRrr0EXNCOl5E1z0AcTRuIQZUasIfajClwqg4AL7N3UMCjahU35E0k4WuAOmxk-x9UnA5y7FEF2F8b_LQb6fyrV1YJZh7TS4wYcOG3Zwol7yf5rFSBLS6eJJnKdCZLXseLLaGaIDohqhCgoJnrome6HJMf4a3RFEdIV2AuP19U9avk4iTOeaFA7PuUPVmdghIlJsxdlTFEx_4WV5lCy4zjWNMdiy6phG97TmMyCaOImb_qdvUc1ydCyPc3tLcAMhMv9D0WLKXGgxj6AA6OQsOCCzzYJcgASoJdXMtZWFzdC0yMOcL.m3u8 HTTP/1.1\r\nHost: sae12.playlist.ttvnw.net\r\nUser-Agent: Mozilla/5.0 (X11; Linux x86_64; rv:136.0) Gecko/20100101 Firefox/136.0\r\nAccept: */*\r\nAccept-Language: en-US,en;q=0.5\r\nAccept-Encoding: gzip, deflate, br, zstd\r\nConnection: keep-alive\r\nCookie: AWSALBTG=n5ARpkpcmYShQPjIuWYDyNXR6KOqDLH6pXG0cizIFDs6Pfot9GhHBn772yUAfxQ1ml0kpQxoPknF/CVrJTeG/rT7aUAJwt5v9VxU/tcK/DEDp3HQxzx+DrmAkN942qFSc6mDBPZHIeY8fKtSrNu88c1QZCgzkv9j/viDP8x2Q9+Z; AWSALBTGCORS=n5ARpkpcmYShQPjIuWYDyNXR6KOqDLH6pXG0cizIFDs6Pfot9GhHBn772yUAfxQ1ml0kpQxoPknF/CVrJTeG/rT7aUAJwt5v9VxU/tcK/DEDp3HQxzx+DrmAkN942qFSc6mDBPZHIeY8fKtSrNu88c1QZCgzkv9j/viDP8x2Q9+Z; AWSALB=8mENTOkI4Q6Iig/rZeZy6pEfccKBq/4Ww1yv/1QRGJszMBkfZR+UBfiQdUz1u2mqv60jf7BnPuBU5UG0BtVaQ+ygFXzvAWOt8QNdifPVG4CLhc/BkH3Rbs9YgTmD; AWSALBCORS=8mENTOkI4Q6Iig/rZeZy6pEfccKBq/4Ww1yv/1QRGJszMBkfZR+UBfiQdUz1u2mqv60jf7BnPuBU5UG0BtVaQ+ygFXzvAWOt8QNdifPVG4CLhc/BkH3Rbs9YgTmD\r\nSec-Fetch-Dest: empty\r\nSec-Fetch-Mode: cors\r\nSec-Fetch-Site: same-origin\r\nOrigin: https://www.twitch.tv\r\nReferer: https://www.twitch.tv/\r\n\r\n",
  "from": "server1.conn0.netEvent88"
}
2025-03-16 19:21:05,799 [DEBUG] [rdp_client.py:839 in __handle_single_request] - response valid, set result
2025-03-16 19:21:05,808 [DEBUG] [rdp_client.py:675 in __read] - message complete (771 == 771)
2025-03-16 19:21:05,885 [INFO] [rdp_client.py:869 in __print_response] - RESPONSE<-
{
  "type": "resources-updated-array",
  "array": [
    [
      "network-event",
      [
        {
          "resourceId": 8589934645,
          "resourceUpdates": {
            "requestCookiesAvailable": true,
            "requestHeadersAvailable": true,
            "httpVersion": "HTTP/1.1",
            "status": "200",
            "statusText": "OK",
            "earlyHintsStatus": "",
            "remoteAddress": "3.160.119.113",
            "remotePort": 443,
            "mimeType": "application/octet-stream",
            "waitingTime": 95,
            "isResolvedByTRR": false,
            "responseHeadersAvailable": true,
            "responseCookiesAvailable": true,
            "responseStartAvailable": true,
            "securityState": "secure",
            "isRacing": false,
            "securityInfoAvailable": true,
            "totalTime": 427,
            "eventTimingsAvailable": true,
            "contentSize": 1553632,
            "transferredSize": 1554038,
            "blockedReason": 0,
            "responseContentAvailable": true
          },
          "browsingContextID": 11,
          "innerWindowId": 8589934599
        }
      ]
    ]
  ],
  "from": "server1.conn0.watcher38"
}
2025-03-16 19:21:06,002 [DEBUG] [rdp_client.py:799 in __handle_events] - unhandled event received
2025-03-16 19:21:06,028 [DEBUG] [rdp_client.py:675 in __read] - message complete (767 == 767)
2025-03-16 19:21:06,033 [INFO] [rdp_client.py:869 in __print_response] - RESPONSE<-
{
  "type": "resources-updated-array",
  "array": [
    [
      "network-event",
      [
        {
          "resourceId": 8589934646,
          "resourceUpdates": {
            "requestCookiesAvailable": true,
            "requestHeadersAvailable": true,
            "httpVersion": "HTTP/2",
            "status": "200",
            "statusText": "",
            "earlyHintsStatus": "",
            "remoteAddress": "54.207.173.175",
            "remotePort": 443,
            "mimeType": "application/vnd.apple.mpegurl",
            "waitingTime": 77,
            "isResolvedByTRR": false,
            "responseHeadersAvailable": true,
            "responseCookiesAvailable": true,
            "responseStartAvailable": true,
            "securityState": "secure",
            "isRacing": false,
            "securityInfoAvailable": true,
            "totalTime": 77,
            "eventTimingsAvailable": true,
            "contentSize": 14461,
            "transferredSize": 8952,
            "blockedReason": 0,
            "responseContentAvailable": true
          },
          "browsingContextID": 11,
          "innerWindowId": 8589934599
        }
      ]
    ]
  ],
  "from": "server1.conn0.watcher38"
}
2025-03-16 19:21:06,039 [DEBUG] [rdp_client.py:799 in __handle_events] - unhandled event received
2025-03-16 19:21:09,665 [DEBUG] [rdp_client.py:413 in disconnect] - 
2025-03-16 19:21:09,678 [DEBUG] [rdp_client.py:422 in __disconnect] - True
2025-03-16 19:21:09,684 [DEBUG] [rdp_client.py:402 in __on_close_connection] - Stop listening
2025-03-16 19:21:09,689 [DEBUG] [rdp_client.py:377 in __connect] - Read task cancelled: asyncio
